app/build/intermediates/manifest_merge_blame_file/debug/manifest-merger-blame-debug-report.txt
1<?xml version="1.0" encoding="utf-8"?>
2<manifest xmlns:android="http://schemas.android.com/apk/res/android"
3    package="com.example.movieapp"
4    android:versionCode="1"
5    android:versionName="1.0" >
6
7    <uses-sdk
8        android:minSdkVersion="24"
9        android:targetSdkVersion="34" />
10
11    <uses-permission android:name="android.permission.INTERNET" />
11-->src/main/AndroidManifest.xml:5:5-67
11-->src/main/AndroidManifest.xml:5:22-64
12    <uses-permission android:name="android.permission.ACCESS_NETWORK_STATE" />
12-->src/main/AndroidManifest.xml:6:5-79
12-->src/main/AndroidManifest.xml:6:22-76
13
14    <permission
14-->[androidx.core:core:1.9.0] AndroidManifest.xml:22:5-24:47
15        android:name="com.example.movieapp.DYNAMIC_RECEIVER_NOT_EXPORTED_PERMISSION"
15-->[androidx.core:core:1.9.0] AndroidManifest.xml:23:9-81
16        android:protectionLevel="signature" />
16-->[androidx.core:core:1.9.0] AndroidManifest.xml:24:9-44
17
18    <uses-permission android:name="com.example.movieapp.DYNAMIC_RECEIVER_NOT_EXPORTED_PERMISSION" />
18-->[androidx.core:core:1.9.0] AndroidManifest.xml:26:5-97
18-->[androidx.core:core:1.9.0] AndroidManifest.xml:26:22-94
19
20    <application
20-->src/main/AndroidManifest.xml:8:5-50:19
21        android:allowBackup="true"
21-->src/main/AndroidManifest.xml:9:9-35
22        android:appComponentFactory="androidx.core.app.CoreComponentFactory"
22-->[androidx.core:core:1.9.0] AndroidManifest.xml:28:18-86
23        android:dataExtractionRules="@xml/data_extraction_rules"
23-->src/main/AndroidManifest.xml:10:9-65
24        android:debuggable="true"
25        android:extractNativeLibs="false"
26        android:fullBackupContent="@xml/backup_rules"
26-->src/main/AndroidManifest.xml:11:9-54
27        android:icon="@mipmap/ic_launcher"
27-->src/main/AndroidManifest.xml:12:9-43
28        android:label="@string/app_name"
28-->src/main/AndroidManifest.xml:13:9-41
29        android:roundIcon="@mipmap/ic_launcher_round"
29-->src/main/AndroidManifest.xml:14:9-54
30        android:supportsRtl="true"
30-->src/main/AndroidManifest.xml:15:9-35
31        android:testOnly="true"
32        android:theme="@style/Theme.MovieApp"
32-->src/main/AndroidManifest.xml:16:9-46
33        android:usesCleartextTraffic="true" >
33-->src/main/AndroidManifest.xml:17:9-44
34        <activity
34-->src/main/AndroidManifest.xml:20:9-28:20
35            android:name="com.example.movieapp.ui.auth.LoginActivity"
35-->src/main/AndroidManifest.xml:21:13-50
36            android:exported="true"
36-->src/main/AndroidManifest.xml:22:13-36
37            android:theme="@style/Theme.MovieApp.NoActionBar" >
37-->src/main/AndroidManifest.xml:23:13-62
38            <intent-filter>
38-->src/main/AndroidManifest.xml:24:13-27:29
39                <action android:name="android.intent.action.MAIN" />
39-->src/main/AndroidManifest.xml:25:17-69
39-->src/main/AndroidManifest.xml:25:25-66
40
41                <category android:name="android.intent.category.LAUNCHER" />
41-->src/main/AndroidManifest.xml:26:17-77
41-->src/main/AndroidManifest.xml:26:27-74
42            </intent-filter>
43        </activity>
44        <activity
44-->src/main/AndroidManifest.xml:30:9-33:65
45            android:name="com.example.movieapp.ui.auth.RegisterActivity"
45-->src/main/AndroidManifest.xml:31:13-53
46            android:exported="false"
46-->src/main/AndroidManifest.xml:32:13-37
47            android:theme="@style/Theme.MovieApp.NoActionBar" />
47-->src/main/AndroidManifest.xml:33:13-62
48        <activity
48-->src/main/AndroidManifest.xml:35:9-38:65
49            android:name="com.example.movieapp.ui.main.MainActivity"
49-->src/main/AndroidManifest.xml:36:13-49
50            android:exported="false"
50-->src/main/AndroidManifest.xml:37:13-37
51            android:theme="@style/Theme.MovieApp.NoActionBar" />
51-->src/main/AndroidManifest.xml:38:13-62
52        <activity
52-->src/main/AndroidManifest.xml:40:9-43:65
53            android:name="com.example.movieapp.ui.movie.MovieDetailActivity"
53-->src/main/AndroidManifest.xml:41:13-57
54            android:exported="false"
54-->src/main/AndroidManifest.xml:42:13-37
55            android:theme="@style/Theme.MovieApp.NoActionBar" />
55-->src/main/AndroidManifest.xml:43:13-62
56        <activity
56-->src/main/AndroidManifest.xml:45:9-48:65
57            android:name="com.example.movieapp.ui.profile.ProfileActivity"
57-->src/main/AndroidManifest.xml:46:13-55
58            android:exported="false"
58-->src/main/AndroidManifest.xml:47:13-37
59            android:theme="@style/Theme.MovieApp.NoActionBar" />
59-->src/main/AndroidManifest.xml:48:13-62
60
61        <service
61-->[androidx.room:room-runtime:2.6.0] AndroidManifest.xml:24:9-28:63
62            android:name="androidx.room.MultiInstanceInvalidationService"
62-->[androidx.room:room-runtime:2.6.0] AndroidManifest.xml:25:13-74
63            android:directBootAware="true"
63-->[androidx.room:room-runtime:2.6.0] AndroidManifest.xml:26:13-43
64            android:exported="false" />
64-->[androidx.room:room-runtime:2.6.0] AndroidManifest.xml:27:13-37
65
66        <provider
66-->[androidx.emoji2:emoji2:1.2.0] AndroidManifest.xml:24:9-32:20
67            android:name="androidx.startup.InitializationProvider"
67-->[androidx.emoji2:emoji2:1.2.0] AndroidManifest.xml:25:13-67
68            android:authorities="com.example.movieapp.androidx-startup"
68-->[androidx.emoji2:emoji2:1.2.0] AndroidManifest.xml:26:13-68
69            android:exported="false" >
69-->[androidx.emoji2:emoji2:1.2.0] AndroidManifest.xml:27:13-37
70            <meta-data
70-->[androidx.emoji2:emoji2:1.2.0] AndroidManifest.xml:29:13-31:52
71                android:name="androidx.emoji2.text.EmojiCompatInitializer"
71-->[androidx.emoji2:emoji2:1.2.0] AndroidManifest.xml:30:17-75
72                android:value="androidx.startup" />
72-->[androidx.emoji2:emoji2:1.2.0] AndroidManifest.xml:31:17-49
73            <meta-data
73-->[androidx.lifecycle:lifecycle-process:2.6.2] AndroidManifest.xml:29:13-31:52
74                android:name="androidx.lifecycle.ProcessLifecycleInitializer"
74-->[androidx.lifecycle:lifecycle-process:2.6.2] AndroidManifest.xml:30:17-78
75                android:value="androidx.startup" />
75-->[androidx.lifecycle:lifecycle-process:2.6.2] AndroidManifest.xml:31:17-49
76            <meta-data
76-->[androidx.profileinstaller:profileinstaller:1.3.0] AndroidManifest.xml:29:13-31:52
77                android:name="androidx.profileinstaller.ProfileInstallerInitializer"
77-->[androidx.profileinstaller:profileinstaller:1.3.0] AndroidManifest.xml:30:17-85
78                android:value="androidx.startup" />
78-->[androidx.profileinstaller:profileinstaller:1.3.0] AndroidManifest.xml:31:17-49
79        </provider>
80
81        <uses-library
81-->[androidx.window:window:1.0.0] AndroidManifest.xml:25:9-27:40
82            android:name="androidx.window.extensions"
82-->[androidx.window:window:1.0.0] AndroidManifest.xml:26:13-54
83            android:required="false" />
83-->[androidx.window:window:1.0.0] AndroidManifest.xml:27:13-37
84        <uses-library
84-->[androidx.window:window:1.0.0] AndroidManifest.xml:28:9-30:40
85            android:name="androidx.window.sidecar"
85-->[androidx.window:window:1.0.0] AndroidManifest.xml:29:13-51
86            android:required="false" />
86-->[androidx.window:window:1.0.0] AndroidManifest.xml:30:13-37
87
88        <receiver
88-->[androidx.profileinstaller:profileinstaller:1.3.0] AndroidManifest.xml:34:9-52:20
89            android:name="androidx.profileinstaller.ProfileInstallReceiver"
89-->[androidx.profileinstaller:profileinstaller:1.3.0] AndroidManifest.xml:35:13-76
90            android:directBootAware="false"
90-->[androidx.profileinstaller:profileinstaller:1.3.0] AndroidManifest.xml:36:13-44
91            android:enabled="true"
91-->[androidx.profileinstaller:profileinstaller:1.3.0] AndroidManifest.xml:37:13-35
92            android:exported="true"
92-->[androidx.profileinstaller:profileinstaller:1.3.0] AndroidManifest.xml:38:13-36
93            android:permission="android.permission.DUMP" >
93-->[androidx.profileinstaller:profileinstaller:1.3.0] AndroidManifest.xml:39:13-57
94            <intent-filter>
94-->[androidx.profileinstaller:profileinstaller:1.3.0] AndroidManifest.xml:40:13-42:29
95                <action android:name="androidx.profileinstaller.action.INSTALL_PROFILE" />
95-->[androidx.profileinstaller:profileinstaller:1.3.0] AndroidManifest.xml:41:17-91
95-->[androidx.profileinstaller:profileinstaller:1.3.0] AndroidManifest.xml:41:25-88
96            </intent-filter>
97            <intent-filter>
97-->[androidx.profileinstaller:profileinstaller:1.3.0] AndroidManifest.xml:43:13-45:29
98                <action android:name="androidx.profileinstaller.action.SKIP_FILE" />
98-->[androidx.profileinstaller:profileinstaller:1.3.0] AndroidManifest.xml:44:17-85
98-->[androidx.profileinstaller:profileinstaller:1.3.0] AndroidManifest.xml:44:25-82
99            </intent-filter>
100            <intent-filter>
100-->[androidx.profileinstaller:profileinstaller:1.3.0] AndroidManifest.xml:46:13-48:29
101                <action android:name="androidx.profileinstaller.action.SAVE_PROFILE" />
101-->[androidx.profileinstaller:profileinstaller:1.3.0] AndroidManifest.xml:47:17-88
101-->[androidx.profileinstaller:profileinstaller:1.3.0] AndroidManifest.xml:47:25-85
102            </intent-filter>
103            <intent-filter>
103-->[androidx.profileinstaller:profileinstaller:1.3.0] AndroidManifest.xml:49:13-51:29
104                <action android:name="androidx.profileinstaller.action.BENCHMARK_OPERATION" />
104-->[androidx.profileinstaller:profileinstaller:1.3.0] AndroidManifest.xml:50:17-95
104-->[androidx.profileinstaller:profileinstaller:1.3.0] AndroidManifest.xml:50:25-92
105            </intent-filter>
106        </receiver>
107    </application>
108
109</manifest>